<?xml version="1.0" encoding="UTF-8"?>
<testng-results ignored="0" total="1" passed="1" failed="0" skipped="0">
  <reporter-output>
  </reporter-output>
  <suite started-at="2023-06-30T17:48:56 EEST" name="Default suite" finished-at="2023-06-30T17:49:12 EEST" duration-ms="16210">
    <groups>
    </groups>
    <test started-at="2023-06-30T17:48:56 EEST" name="Default test" finished-at="2023-06-30T17:49:12 EEST" duration-ms="16210">
      <class name="curs15.CssSelectors">
        <test-method is-config="true" signature="setup()[pri:0, instance:curs15.CssSelectors@593aaf41]" started-at="2023-06-30T17:48:56 EEST" name="setup" finished-at="2023-06-30T17:49:06 EEST" duration-ms="10772" status="PASS">
          <reporter-output>
          </reporter-output>
        </test-method> <!-- setup -->
        <test-method signature="cssSelectors3()[pri:0, instance:curs15.CssSelectors@593aaf41]" started-at="2023-06-30T17:49:06 EEST" name="cssSelectors3" finished-at="2023-06-30T17:49:08 EEST" duration-ms="1216" status="PASS">
          <reporter-output>
          </reporter-output>
        </test-method> <!-- cssSelectors3 -->
        <test-method is-config="true" signature="teardown()[pri:0, instance:curs15.CssSelectors@593aaf41]" started-at="2023-06-30T17:49:08 EEST" name="teardown" finished-at="2023-06-30T17:49:12 EEST" duration-ms="4186" status="PASS">
          <reporter-output>
          </reporter-output>
        </test-method> <!-- teardown -->
      </class> <!-- curs15.CssSelectors -->
    </test> <!-- Default test -->
  </suite> <!-- Default suite -->
</testng-results>
