<?xml version="1.0" encoding="UTF-8"?>
<testng-results ignored="0" total="1" passed="1" failed="0" skipped="0">
  <reporter-output>
  </reporter-output>
  <suite started-at="2023-08-21T22:14:18 EEST" name="Default suite" finished-at="2023-08-21T22:14:39 EEST" duration-ms="21427">
    <groups>
    </groups>
    <test started-at="2023-08-21T22:14:18 EEST" name="Default test" finished-at="2023-08-21T22:14:39 EEST" duration-ms="21427">
      <class name="Homework.Homework16Part2">
        <test-method is-config="true" signature="setup()[pri:0, instance:Homework.Homework16Part2@46cdf8bd]" started-at="2023-08-21T22:14:18 EEST" name="setup" finished-at="2023-08-21T22:14:26 EEST" duration-ms="8173" status="PASS">
          <reporter-output>
          </reporter-output>
        </test-method> <!-- setup -->
        <test-method signature="writeReview()[pri:0, instance:Homework.Homework16Part2@46cdf8bd]" started-at="2023-08-21T22:14:26 EEST" name="writeReview" finished-at="2023-08-21T22:14:35 EEST" duration-ms="8858" status="PASS">
          <reporter-output>
          </reporter-output>
        </test-method> <!-- writeReview -->
        <test-method is-config="true" signature="teardown()[pri:0, instance:Homework.Homework16Part2@46cdf8bd]" started-at="2023-08-21T22:14:35 EEST" name="teardown" finished-at="2023-08-21T22:14:39 EEST" duration-ms="4310" status="PASS">
          <reporter-output>
          </reporter-output>
        </test-method> <!-- teardown -->
      </class> <!-- Homework.Homework16Part2 -->
    </test> <!-- Default test -->
  </suite> <!-- Default suite -->
</testng-results>
